GET-----/users/backend/info?id=1-----token校验失败,没有权限----2024年6月11日星期二下午3点12分
POST-----/users/backend/login-----参数password格式错误----2024年6月11日星期二下午3点12分
GET-----/users/backend/info?id=1-----未登录,请重新登录----2024年6月11日星期二下午3点13分
POST-----/users/backend/login-----参数password格式错误----2024年6月11日星期二下午3点55分
POST-----/users/backend/login-----参数password格式错误----2024年6月11日星期二下午3点56分
GET-----/users/backend/list?id=1-----token校验失败,没有权限----2024年6月11日星期二下午5点08分
GET-----/users/backend/list?id=1-----token校验失败,没有权限----2024年6月11日星期二下午5点09分
GET-----/users/backend/list?id=1-----token校验失败,没有权限----2024年6月11日星期二下午5点09分
GET-----/users/backend/list?id=1-----token校验失败,没有权限----2024年6月11日星期二下午5点09分
GET-----/users/backend/list?id=1-----token校验失败,没有权限----2024年6月11日星期二下午5点09分
GET-----/users/backend/list?id=1-----token校验失败,没有权限----2024年6月11日星期二下午5点10分
POST-----/users/backend/del-----未登录,请重新登录----2024年6月11日星期二下午5点46分
GET-----/users/backend/list?id=1-----未登录,请重新登录----2024年6月11日星期二下午5点53分
POST-----/carousel/backend/remove-----token校验失败,没有权限----2024年6月11日星期二晚上6点27分
POST-----/carousel/backend/remove-----token校验失败,没有权限----2024年6月11日星期二晚上6点28分
POST-----/carousel/backend/remove-----token校验失败,没有权限----2024年6月11日星期二晚上6点29分
GET-----/users/info?id=1-----token校验失败----2024年6月12日星期三上午10点42分
GET-----/users/info?id=1-----token校验失败----2024年6月12日星期三上午10点42分
GET-----/users/backend/info?id=1-----token校验失败,没有权限----2024年6月12日星期三中午11点34分
GET-----/users/logout?id=1717484814115412e1a-----未登录,请重新登录----2024年6月12日星期三中午12点22分
GET-----/users/logout-----参数id必须传递----2024年6月22日星期六晚上11点22分
POST-----/users/register-----两次密码不一致----2024年6月22日星期六晚上11点39分
POST-----/users/register-----两次密码不一致----2024年6月22日星期六晚上11点39分
POST-----/users/register-----参数nickname格式错误----2024年6月22日星期六晚上11点40分
POST-----/users/register-----参数nickname格式错误----2024年6月22日星期六晚上11点40分
POST-----/users/register-----参数nickname格式错误----2024年6月22日星期六晚上11点40分
POST-----/users/register-----参数nickname格式错误----2024年6月22日星期六晚上11点40分
POST-----/users/register-----参数nickname格式错误----2024年6月22日星期六晚上11点40分
POST-----/users/register-----参数nickname格式错误----2024年6月22日星期六晚上11点40分
POST-----/users/register-----用户名已存在,请修改重试----2024年6月22日星期六晚上11点40分
POST-----/users/register-----用户名已存在,请修改重试----2024年6月22日星期六晚上11点40分
POST-----/users/register-----用户名已存在,请修改重试----2024年6月23日星期日上午11点06分
POST-----/users/register-----参数username必须传递----2024年6月23日星期日上午11点09分
POST-----/users/register-----参数username必须传递----2024年6月23日星期日上午11点11分
POST-----/users/register-----参数password格式错误----2024年6月23日星期日上午11点12分
POST-----/users/register-----用户名已存在,请修改重试----2024年6月23日星期日上午11点12分
POST-----/users/register-----参数username必须传递----2024年6月23日星期日上午11点15分
POST-----/users/register-----参数username必须传递----2024年6月23日星期日上午11点15分
POST-----/users/register-----参数nickname格式错误----2024年6月23日星期日上午11点16分
POST-----/users/register-----用户名已存在,请修改重试----2024年6月23日星期日上午11点16分
POST-----/users/register-----参数username必须传递----2024年6月23日星期日上午11点17分
POST-----/users/register-----参数username必须传递----2024年6月23日星期日上午11点17分
POST-----/users/register-----参数username必须传递----2024年6月23日星期日上午11点17分
POST-----/users/register-----参数username必须传递----2024年6月23日星期日上午11点17分
POST-----/users/register-----参数username必须传递----2024年6月23日星期日上午11点17分
POST-----/users/register-----参数username必须传递----2024年6月23日星期日上午11点18分
POST-----/users/register-----参数username必须传递----2024年6月23日星期日上午11点19分
POST-----/users/register-----参数username必须传递----2024年6月23日星期日上午11点19分
POST-----/users/register-----参数username必须传递----2024年6月23日星期日上午11点19分
POST-----/users/register-----参数username必须传递----2024年6月23日星期日上午11点20分
POST-----/users/register-----参数username必须传递----2024年6月23日星期日上午11点20分
POST-----/users/register-----参数username必须传递----2024年6月23日星期日上午11点20分
POST-----/users/register-----参数username必须传递----2024年6月23日星期日上午11点20分
POST-----/users/register-----参数username必须传递----2024年6月23日星期日上午11点20分
POST-----/users/register-----参数username必须传递----2024年6月23日星期日上午11点20分
POST-----/users/register-----参数username必须传递----2024年6月23日星期日上午11点20分
POST-----/users/register-----参数username必须传递----2024年6月23日星期日上午11点20分
POST-----/users/register-----参数username必须传递----2024年6月23日星期日上午11点20分
POST-----/users/register-----参数username必须传递----2024年6月23日星期日上午11点20分
POST-----/users/register-----参数username必须传递----2024年6月23日星期日上午11点20分
POST-----/users/register-----参数username必须传递----2024年6月23日星期日上午11点20分
POST-----/users/register-----参数username必须传递----2024年6月23日星期日上午11点20分
POST-----/users/register-----参数username必须传递----2024年6月23日星期日上午11点20分
POST-----/users/register-----参数username必须传递----2024年6月23日星期日上午11点20分
POST-----/users/register-----参数username必须传递----2024年6月23日星期日上午11点20分
POST-----/users/register-----参数username必须传递----2024年6月23日星期日上午11点20分
POST-----/users/register-----参数username必须传递----2024年6月23日星期日上午11点20分
POST-----/users/register-----参数username必须传递----2024年6月23日星期日上午11点21分
POST-----/users/register-----参数username必须传递----2024年6月23日星期日上午11点21分
POST-----/users/register-----参数username必须传递----2024年6月23日星期日上午11点21分
POST-----/users/register-----参数username必须传递----2024年6月23日星期日上午11点21分
POST-----/users/register-----参数username必须传递----2024年6月23日星期日上午11点21分
POST-----/users/register-----参数username必须传递----2024年6月23日星期日上午11点23分
POST-----/users/register-----参数username必须传递----2024年6月23日星期日上午11点23分
POST-----/users/register-----参数username必须传递----2024年6月23日星期日上午11点23分
POST-----/users/register-----参数username必须传递----2024年6月23日星期日上午11点23分
POST-----/users/register-----参数username必须传递----2024年6月23日星期日上午11点23分
POST-----/users/register-----参数password格式错误----2024年6月23日星期日上午11点23分
POST-----/users/register-----两次密码不一致----2024年6月23日星期日上午11点23分
POST-----/users/register-----参数password格式错误----2024年6月23日星期日上午11点23分
POST-----/users/register-----两次密码不一致----2024年6月23日星期日上午11点23分
POST-----/users/register-----参数nickname格式错误----2024年6月23日星期日上午11点23分
POST-----/users/register-----参数username必须传递----2024年6月23日星期日上午11点25分
POST-----/users/register-----参数username必须传递----2024年6月23日星期日上午11点26分
POST-----/users/register-----参数username必须传递----2024年6月23日星期日上午11点27分
POST-----/users/register-----参数username必须传递----2024年6月23日星期日上午11点27分
POST-----/users/register-----参数username必须传递----2024年6月23日星期日上午11点27分
POST-----/users/register-----参数username必须传递----2024年6月23日星期日上午11点27分
POST-----/users/register-----参数username必须传递----2024年6月23日星期日上午11点29分
POST-----/users/register-----参数username必须传递----2024年6月23日星期日中午11点31分
POST-----/users/register-----参数username必须传递----2024年6月23日星期日中午11点32分
POST-----/users/register-----参数username必须传递----2024年6月23日星期日中午11点32分
POST-----/users/register-----参数username必须传递----2024年6月23日星期日中午11点34分
POST-----/users/register-----参数username必须传递----2024年6月23日星期日中午11点35分
POST-----/users/register-----参数username必须传递----2024年6月23日星期日中午11点36分
POST-----/users/register-----参数username必须传递----2024年6月23日星期日中午11点36分
POST-----/users/register-----参数username必须传递----2024年6月23日星期日中午11点36分
POST-----/users/register-----参数username必须传递----2024年6月23日星期日中午11点36分
POST-----/users/register-----参数username必须传递----2024年6月23日星期日中午11点36分
POST-----/users/register-----参数username必须传递----2024年6月23日星期日中午11点36分
POST-----/users/register-----参数username必须传递----2024年6月23日星期日中午11点36分
POST-----/users/register-----参数username必须传递----2024年6月23日星期日中午11点36分
POST-----/users/register-----用户名已存在,请修改重试----2024年6月23日星期日中午11点37分
POST-----/users/register-----用户名已存在,请修改重试----2024年6月23日星期日中午11点37分
POST-----/users/register-----参数username必须传递----2024年6月23日星期日中午11点37分
POST-----/users/register-----参数username必须传递----2024年6月23日星期日中午11点37分
POST-----/users/register-----参数username必须传递----2024年6月23日星期日中午11点37分
POST-----/users/register-----参数username必须传递----2024年6月23日星期日中午11点38分
POST-----/users/register-----参数username必须传递----2024年6月23日星期日中午11点38分
POST-----/users/login-----参数username必须传递----2024年6月23日星期日中午11点40分
POST-----/users/login-----参数username必须传递----2024年6月23日星期日中午11点40分
POST-----/users/login-----参数username必须传递----2024年6月23日星期日中午11点40分
POST-----/users/login-----参数password格式错误----2024年6月23日星期日中午11点41分
POST-----/users/login-----参数password格式错误----2024年6月23日星期日中午11点41分
POST-----/users/register-----参数username必须传递----2024年6月23日星期日中午11点41分
POST-----/users/login-----参数username必须传递----2024年6月23日星期日中午11点41分
POST-----/users/login-----参数username必须传递----2024年6月23日星期日中午11点41分
POST-----/users/login-----参数username必须传递----2024年6月23日星期日中午11点43分
POST-----/users/login-----参数username必须传递----2024年6月23日星期日中午11点48分
GET-----/users/logout?id=1719113044114c6bef3-----请求的token必须传递----2024年6月23日星期日中午12点08分
GET-----/users/logout?id=1719113044114c6bef3&token=undefined-----请求的token必须传递----2024年6月23日星期日中午12点10分
GET-----/users/logout?id=1719113044114c6bef3&token=undefined-----请求的token必须传递----2024年6月23日星期日中午12点10分
GET-----/users/info?id=1719113044114c6bef3-----请求的token必须传递----2024年6月23日星期日中午12点11分
GET-----/users/info?id=1719113044114c6bef3-----请求的token必须传递----2024年6月23日星期日中午12点11分
GET-----/users/info?id=1719113044114c6bef3-----请求的token必须传递----2024年6月23日星期日中午12点11分
GET-----/users/info?id=1719113044114c6bef3-----请求的token必须传递----2024年6月23日星期日中午12点11分
GET-----/users/info?id=1719113044114c6bef3-----请求的token必须传递----2024年6月23日星期日中午12点11分
GET-----/users/info?id=1719113044114c6bef3-----请求的token必须传递----2024年6月23日星期日中午12点11分
GET-----/users/info?id=1719113044114c6bef3-----请求的token必须传递----2024年6月23日星期日中午12点11分
GET-----/users/info?id=1719113044114c6bef3-----请求的token必须传递----2024年6月23日星期日中午12点11分
GET-----/users/info?id=1719113044114c6bef3-----请求的token必须传递----2024年6月23日星期日中午12点11分
GET-----/users/logout?id=1719113044114c6bef3&token=undefined-----请求的token必须传递----2024年6月23日星期日中午12点13分
GET-----/users/info?id=1719113044114c6bef3-----请求的token必须传递----2024年6月23日星期日中午12点14分
GET-----/users/info?id=1719113044114c6bef3-----请求的token必须传递----2024年6月23日星期日中午12点14分
GET-----/users/info?id=1719113044114c6bef3-----请求的token必须传递----2024年6月23日星期日中午12点14分
GET-----/users/info?id=1719113044114c6bef3-----请求的token必须传递----2024年6月23日星期日中午12点15分
GET-----/users/info?id=1719113044114c6bef3-----请求的token必须传递----2024年6月23日星期日中午12点15分
GET-----/users/info?id=1719113044114c6bef3-----请求的token必须传递----2024年6月23日星期日中午12点15分
GET-----/users/info?id=1719113044114c6bef3-----请求的token必须传递----2024年6月23日星期日中午12点15分
GET-----/users/info?id=1719113044114c6bef3&token=eyJhbGciOiJIUzI1NiIsInR5cCI6IkpXVCJ9.eyJ1aWQiOiIxNzE5MTEzMDQ0MTE0YzZiZWYzIiwiaWF0IjoxNzE5MTE2MDgzLCJleHAiOjE3MTkxMTk2ODN9.nBEape4HsEtVjjlsACLRkNUidhdrWQL6WWZAq8NFIQA-----请求的token必须传递----2024年6月23日星期日中午12点15分
GET-----/users/info?id=1719113044114c6bef3&token=eyJhbGciOiJIUzI1NiIsInR5cCI6IkpXVCJ9.eyJ1aWQiOiIxNzE5MTEzMDQ0MTE0YzZiZWYzIiwiaWF0IjoxNzE5MTE2MDgzLCJleHAiOjE3MTkxMTk2ODN9.nBEape4HsEtVjjlsACLRkNUidhdrWQL6WWZAq8NFIQA-----请求的token必须传递----2024年6月23日星期日中午12点15分
GET-----/users/logout?id=1719113044114c6bef3&token=undefined-----请求的token必须传递----2024年6月23日星期日中午12点16分
GET-----/users/info?id=1719113044114c6bef3&token=eyJhbGciOiJIUzI1NiIsInR5cCI6IkpXVCJ9.eyJ1aWQiOiIxNzE5MTEzMDQ0MTE0YzZiZWYzIiwiaWF0IjoxNzE5MTE2MDgzLCJleHAiOjE3MTkxMTk2ODN9.nBEape4HsEtVjjlsACLRkNUidhdrWQL6WWZAq8NFIQA-----请求的token必须传递----2024年6月23日星期日中午12点16分
GET-----/users/logout?id=1719113044114c6bef3&token=undefined-----请求的token必须传递----2024年6月23日星期日中午12点16分
GET-----/users/info?id=1719113044114c6bef3&token=eyJhbGciOiJIUzI1NiIsInR5cCI6IkpXVCJ9.eyJ1aWQiOiIxNzE5MTEzMDQ0MTE0YzZiZWYzIiwiaWF0IjoxNzE5MTE2MDgzLCJleHAiOjE3MTkxMTk2ODN9.nBEape4HsEtVjjlsACLRkNUidhdrWQL6WWZAq8NFIQA-----请求的token必须传递----2024年6月23日星期日中午12点16分
GET-----/users/info?id=1719113044114c6bef3&token=eyJhbGciOiJIUzI1NiIsInR5cCI6IkpXVCJ9.eyJ1aWQiOiIxNzE5MTEzMDQ0MTE0YzZiZWYzIiwiaWF0IjoxNzE5MTE2MDgzLCJleHAiOjE3MTkxMTk2ODN9.nBEape4HsEtVjjlsACLRkNUidhdrWQL6WWZAq8NFIQA-----请求的token必须传递----2024年6月23日星期日中午12点16分
GET-----/users/info?id=1719113044114c6bef3&token=eyJhbGciOiJIUzI1NiIsInR5cCI6IkpXVCJ9.eyJ1aWQiOiIxNzE5MTEzMDQ0MTE0YzZiZWYzIiwiaWF0IjoxNzE5MTE2MDgzLCJleHAiOjE3MTkxMTk2ODN9.nBEape4HsEtVjjlsACLRkNUidhdrWQL6WWZAq8NFIQA-----请求的token必须传递----2024年6月23日星期日中午12点16分
GET-----/users/info?id=1719113044114c6bef3&token=eyJhbGciOiJIUzI1NiIsInR5cCI6IkpXVCJ9.eyJ1aWQiOiIxNzE5MTEzMDQ0MTE0YzZiZWYzIiwiaWF0IjoxNzE5MTE2MDgzLCJleHAiOjE3MTkxMTk2ODN9.nBEape4HsEtVjjlsACLRkNUidhdrWQL6WWZAq8NFIQA-----请求的token必须传递----2024年6月23日星期日中午12点16分
GET-----/users/info?id=1719113044114c6bef3&token=eyJhbGciOiJIUzI1NiIsInR5cCI6IkpXVCJ9.eyJ1aWQiOiIxNzE5MTEzMDQ0MTE0YzZiZWYzIiwiaWF0IjoxNzE5MTE2MDgzLCJleHAiOjE3MTkxMTk2ODN9.nBEape4HsEtVjjlsACLRkNUidhdrWQL6WWZAq8NFIQA-----请求的token必须传递----2024年6月23日星期日中午12点16分
GET-----/users/info?id=1719113044114c6bef3&token=eyJhbGciOiJIUzI1NiIsInR5cCI6IkpXVCJ9.eyJ1aWQiOiIxNzE5MTEzMDQ0MTE0YzZiZWYzIiwiaWF0IjoxNzE5MTE2MDgzLCJleHAiOjE3MTkxMTk2ODN9.nBEape4HsEtVjjlsACLRkNUidhdrWQL6WWZAq8NFIQA-----请求的token必须传递----2024年6月23日星期日中午12点16分
GET-----/users/logout?id=1719113044114c6bef3&token=eyJhbGciOiJIUzI1NiIsInR5cCI6IkpXVCJ9.eyJ1aWQiOiIxNzE5MTEzMDQ0MTE0YzZiZWYzIiwiaWF0IjoxNzE5MTE2MDgzLCJleHAiOjE3MTkxMTk2ODN9.nBEape4HsEtVjjlsACLRkNUidhdrWQL6WWZAq8NFIQA-----请求的token必须传递----2024年6月23日星期日中午12点16分
GET-----/users/info?id=1719113044114c6bef3-----token校验失败----2024年6月23日星期日中午12点25分
GET-----/users/info?id=1719113044114c6bef3-----token校验失败----2024年6月23日星期日中午12点25分
GET-----/users/info?id=1719113044114c6bef3-----token校验失败----2024年6月23日星期日中午12点25分
GET-----/users/info?id=undefined-----未登录,请重新登录----2024年6月23日星期日下午12点32分
GET-----/users/info?id=undefined-----未登录,请重新登录----2024年6月23日星期日下午12点32分
GET-----/users/info?id=undefined-----未登录,请重新登录----2024年6月23日星期日下午12点36分
GET-----/users/info?id=undefined-----未登录,请重新登录----2024年6月23日星期日下午12点36分
GET-----/users/info?id=undefined-----未登录,请重新登录----2024年6月23日星期日下午12点37分
GET-----/users/info?id=undefined-----未登录,请重新登录----2024年6月23日星期日下午12点37分
GET-----/users/info?id=undefined-----未登录,请重新登录----2024年6月23日星期日下午12点37分
GET-----/users/info?id=undefined-----未登录,请重新登录----2024年6月23日星期日下午12点37分
GET-----/users/info?id=undefined-----未登录,请重新登录----2024年6月23日星期日下午12点37分
GET-----/users/info?id=undefined-----未登录,请重新登录----2024年6月23日星期日下午12点38分
GET-----/users/info?id=undefined-----未登录,请重新登录----2024年6月23日星期日下午12点38分
GET-----/users/info?id=undefined-----未登录,请重新登录----2024年6月23日星期日下午12点38分
GET-----/users/info?id=undefined-----未登录,请重新登录----2024年6月23日星期日下午12点38分
POST-----/users/login-----参数username必须传递----2024年6月23日星期日下午12点40分
POST-----/users/update-----请求的token必须传递----2024年6月23日星期日下午12点48分
POST-----/users/update-----请求的token必须传递----2024年6月23日星期日下午12点48分
POST-----/users/update-----请求的token必须传递----2024年6月23日星期日下午12点48分
POST-----/users/update-----请求的token必须传递----2024年6月23日星期日下午12点48分
POST-----/users/update-----请求的token必须传递----2024年6月23日星期日下午12点48分
POST-----/users/update-----请求的token必须传递----2024年6月23日星期日下午12点48分
POST-----/users/update-----请求的token必须传递----2024年6月23日星期日下午12点48分
POST-----/users/update-----请求的token必须传递----2024年6月23日星期日下午12点48分
POST-----/users/update-----请求的token必须传递----2024年6月23日星期日下午12点48分
POST-----/users/update-----请求的token必须传递----2024年6月23日星期日下午12点48分
POST-----/users/update-----请求的token必须传递----2024年6月23日星期日下午12点48分
POST-----/users/update-----请求的token必须传递----2024年6月23日星期日下午12点48分
POST-----/users/update-----请求的token必须传递----2024年6月23日星期日下午12点50分
POST-----/users/update-----请求的token必须传递----2024年6月23日星期日下午12点50分
POST-----/users/update-----参数nickname格式错误----2024年6月23日星期日下午12点51分
POST-----/users/update-----参数nickname格式错误----2024年6月23日星期日下午12点53分
POST-----/users/update-----参数age格式错误----2024年6月23日星期日下午12点53分
POST-----/users/update-----参数nickname格式错误----2024年6月23日星期日下午12点53分
POST-----/users/update-----token校验失败----2024年6月23日星期日下午3点00分
GET-----/users/info?id=1719113044114c6bef3-----token校验失败----2024年6月23日星期日下午3点00分
GET-----/users/info?id=1719113044114c6bef3-----token校验失败----2024年6月23日星期日下午3点00分
GET-----/users/info?id=1719113044114c6bef3-----token校验失败----2024年6月23日星期日下午3点00分
GET-----/users/logout?id=1719113044114c6bef3-----token校验失败----2024年6月23日星期日下午3点00分
GET-----/users/info?id=1719113044114c6bef3-----token校验失败----2024年6月23日星期日下午3点00分
GET-----/users/info?id=1719113044114c6bef3-----token校验失败----2024年6月23日星期日下午3点00分
GET-----/users/info?id=1719113044114c6bef3-----token校验失败----2024年6月23日星期日下午3点00分
GET-----/users/info?id=1719113044114c6bef3-----token校验失败----2024年6月23日星期日下午3点00分
POST-----/users/login-----参数username格式错误----2024年6月23日星期日下午3点01分
POST-----/users/login-----参数username格式错误----2024年6月23日星期日下午3点01分
POST-----/users/login-----参数username格式错误----2024年6月23日星期日下午3点01分
POST-----/users/login-----参数username格式错误----2024年6月23日星期日下午3点02分
POST-----/users/rpwd-----请求的oldPassword必须传递----2024年6月23日星期日下午3点09分
POST-----/users/rpwd-----请求的oldPassword必须传递----2024年6月23日星期日下午3点09分
POST-----/users/rpwd-----请求的oldPassword必须传递----2024年6月23日星期日下午3点11分
POST-----/users/rpwd-----请求的oldPassword必须传递----2024年6月23日星期日下午3点11分
POST-----/users/rpwd-----未登录,请重新登录----2024年6月23日星期日下午3点11分
POST-----/users/rpwd-----未登录,请重新登录----2024年6月23日星期日下午3点13分
POST-----/users/update-----未登录,请重新登录----2024年6月23日星期日下午3点14分
POST-----/users/update-----未登录,请重新登录----2024年6月23日星期日下午3点14分
POST-----/users/update-----参数nickname格式错误----2024年6月23日星期日下午3点15分
GET-----/goods/list?current=1&pagesize=12&search=&filter=&saleType=&sortType=10&sortMethod=&category=-----参数sortType格式错误----2024年6月23日星期日下午3点54分
GET-----/goods/list?current=1&pagesize=12&search=&filter=&saleType=10&sortType=&sortMethod=&category=%E5%85%A8%E9%83%A8-----参数category类别不存在----2024年6月23日星期日下午3点57分
GET-----/goods/list?current=0&pagesize=12&search=&filter=&saleType=10&sortType=&sortMethod=&category=-----参数current格式错误----2024年6月23日星期日下午4点12分
POST-----/users/register-----两次密码不一致----2024年6月23日星期日下午5点15分
POST-----/users/register-----参数nickname格式错误----2024年6月23日星期日晚上6点37分
POST-----/users/register-----参数nickname格式错误----2024年6月23日星期日晚上6点47分
POST-----/users/rpwd-----原密码格式错误----2024年6月23日星期日晚上6点49分
